C51 COMPILER V9.59.0.0   PANTALLAS                                                         05/21/2020 14:05:11 PAGE 1   


C51 COMPILER V9.59.0.0, COMPILATION OF MODULE PANTALLAS
OBJECT MODULE PLACED IN .\Objects\pantallas.obj
COMPILER INVOKED BY: C:\Keil_v5\C51\BIN\C51.EXE pantallas.c LARGE OPTIMIZE(8,SPEED) BROWSE DEBUG OBJECTEXTEND PRINT(.\Li
                    -stings\pantallas.lst) TABS(2) OBJECT(.\Objects\pantallas.obj)

line level    source

   1          #include<pantallas.h>
   2          #include <reg51.h>
   3          #include <string.h>
   4          
   5          sbit sel_com = P0^7;        //Micro switch    
   6          
   7          
   8          /*funciones externas*/
   9          extern char putchar (char c);
  10          extern void Block_read_Clock(unsigned char *datos_clock);
  11          extern void DebugBufferMF(unsigned char *str,unsigned char num_char,char io);
  12          extern void Debug_Dividir_texto();
  13          extern void clean_tx();
  14          extern void Debug_txt_Tibbo(unsigned char * str);
  15          extern void          _nop_     (void);
  16          extern void Debug_chr_Tibbo(unsigned char Dat);
  17          
  18          #define ERROR_LOOP              0XE0
  19          #define TARJETA_INVALIDA        0XE1
  20          #define TARJETA_SIN_FORMATO     0xDF
  21          #define ERROR_COD_PARK          0XE5
  22          #define SIN_INGRESO             0XE6
  23          #define SIN_PAGO                0XE7
  24          #define EXCEDE_GRACIA           0XE8
  25          #define FUERA_DE_LINEA          0XB6
  26          #define LECTURA_DE_TARJETAS     0xB0
  27          
  28          #define AUDIO_CAJA        0XA1
  29          #define TARJETA_VENCIDA     0XEC
  30          #define TARJETA_ATASCADA    0XEF
  31          
  32          #define BIENVENIDO              0XFE
  33          #define GRACIAS                 0XFF
  34          
  35          #define NOTIFIQUE_EVP           'N'
  36          #define NO_NOTIFIQUE_EVP        'S'
  37          #define COMPARANDO_PLACA        'P'           /*msj de eeror de placa*/
  38          #define ENVIANDO_COD            'D'
  39          #define INFO1                   'I'
  40          #define INFO2                   'i'
  41          
  42          /*variables externas */
  43          extern unsigned char  Raspberry;
  44          /*------------------------------------------------------------------------------
  45          transmite el caracter pto serie
  46          data_com = al caracter a escribir
  47          enable_char_add = si esta en (1) envia un null (0) adicional, si es (0) no envia caracter adicional
  48          ------------------------------------------------------------------------------*/
  49          void tx_chrlcd (unsigned char data_com, unsigned char enable_char_add)
  50          {
  51   1        unsigned char d;
  52   1        d=putchar(data_com);
  53   1        if (enable_char_add != 0) d=putchar(0x00);
  54   1        
C51 COMPILER V9.59.0.0   PANTALLAS                                                         05/21/2020 14:05:11 PAGE 2   

  55   1      }
  56          
  57          /*------------------------------------------------------------------------------
  58          envia un msj asta null(0)
  59          msg= apuntador del msj
  60          enable_char_add = si esta en (1) envia un null (0) adicional, si es (0) no envia caracter adicional
  61          ------------------------------------------------------------------------------*/
  62          void LCD_txt (unsigned char * msg,unsigned char enable_char_add )
  63          {
  64   1        unsigned char i;
  65   1         
  66   1        for (i=0; msg[i] != '\0'; i++)
  67   1        {
  68   2          tx_chrlcd(msg[i],enable_char_add);
  69   2        }
  70   1      }
  71          /*------------------------------------------------------------------------------
  72          Escribo el reloj en ascii en bloque 
  73          msg= apuntador del msj
  74          length_char longitud de la tram
  75          enable_char_add = si esta en (1) envia un null (0) adicional, si es (0) no envia caracter adicional
  76          ------------------------------------------------------------------------------*/
  77          void LCD_txt_num_char(unsigned char * msg,unsigned char length_char, unsigned char enable_char_add)
  78          {
  79   1        unsigned char i;
  80   1         
  81   1        for (i=0; i<length_char; i++)
  82   1        {
  83   2          tx_chrlcd(msg[i],enable_char_add);
  84   2        }
  85   1      }
  86          /*------------------------------------------------------------------------------
  87          Transmite una trama por el pto serie con el protocolo para  raspberry
  88          msg= es el apuntador del msj
  89          ------------------------------------------------------------------------------*/
  90          void Raspberry_data (unsigned char * msg)
  91          {
  92   1        static unsigned char i;
  93   1        unsigned char lenth_cadena;
  94   1        unsigned char d;
  95   1        
  96   1        lenth_cadena=strlen(msg);
  97   1        Debug_chr_Tibbo(lenth_cadena);
  98   1        Debug_Dividir_texto();  
  99   1        Debug_txt_Tibbo(msg); 
 100   1        Debug_Dividir_texto();    
 101   1        for (i=0;  i<lenth_cadena+1 ; i++)
 102   1        {
 103   2          d=putchar(*msg);
 104   2          msg++;
 105   2        
 106   2        
 107   2         
 108   2        }
 109   1        
 110   1        
 111   1        
 112   1      }
 113          
 114          
 115          /*------------------------------------------------------------------------------
 116          Escribo el reloj en ascii en bloque 
C51 COMPILER V9.59.0.0   PANTALLAS                                                         05/21/2020 14:05:11 PAGE 3   

 117          AA 80 28 trama de inicio de configuracion de la pantalla
 118          07 numero de caracteres de la trama de reloj
 119          20 19 03 26 09 21 20  el dato del reloj
 120          ------------------------------------------------------------------------------*/
 121          void Reloj_Pantalla_Lcd()
 122          {
 123   1      
 124   1       unsigned char Ini_Clock_LCD   []={0xaa,0x80,0x28,0x07,0x20,0x00,0,0,0,0,20,0,0} ;
 125   1                if (Raspberry==0)
 126   1                { 
 127   2                sel_com=0;                                                                      /*switch del pto serie a la pantalla*/
 128   2                Block_read_Clock(Ini_Clock_LCD+5);                                              /*Leo el reloj programado*/
 129   2                //Debug_Dividir_texto();                                                          /*lineas de separacion del texto*/
 130   2                //DebugBufferMF(Ini_Clock_LCD,12,0);                                              /*muestra la trama por debug*/
 131   2                //Debug_Dividir_texto();                                                          /*linea de separacion de texto*/
 132   2                REN = 0;                                                                        /*inhabilita recepcion de datos*/
 133   2                LCD_txt_num_char(Ini_Clock_LCD,13,0);                                           /*cmd de inicializacion del reloj del lcd*
             -/
 134   2                                                            
 135   2                REN = 1;                                                                        /*habilita recepcion de datos*/
 136   2                sel_com=1;  
 137   2                  /*switch pto serie a verificador o expedidor */
 138   2                }
 139   1                else
 140   1                {
 141   2                  sel_com=0;
 142   2                  Ini_Clock_LCD [0]=0;
 143   2                  Block_read_Clock(Ini_Clock_LCD);
 144   2                  Raspberry_data((unsigned char  *) "d;hora");
 145   2                  sel_com=1;  
 146   2                }
 147   1      }
 148          /*------------------------------------------------------------------------------
 149          Rutina de msj de pantalla
 150          ------------------------------------------------------------------------------*/
 151          void PantallaLCD(unsigned char cod_msg)
 152          {
 153   1      
 154   1      unsigned char Ini_LCD_Line_one   []={0xaa,0x80,0x18,0x01,0x02,0x00} ;
 155   1      //unsigned char Ini_LCD_Line_two   []={0xaa,0x80,0x18,0x02,0x02,0x00} ;
 156   1      //unsigned char Ini_Off_Line []={0xaa,0x80,0x18,0x01,0x03,0x00} ;
 157   1        
 158   1      unsigned char num_chr;
 159   1      
 160   1        
 161   1          sel_com=0;
 162   1        
 163   1          if (Raspberry==0)
 164   1          {
 165   2            LCD_txt (Ini_LCD_Line_one,0);
 166   2            
 167   2            switch (cod_msg)
 168   2            {
 169   3          
 170   3              case 'P':
 171   3                
 172   3                num_chr=strlen((unsigned char  *) "ERROR: VALIDANDO PLACA... ");
 173   3                tx_chrlcd(0x00,0);
 174   3                tx_chrlcd(num_chr*2,0);
 175   3                LCD_txt ((unsigned char *)       "ERROR: VALIDANDO PLACA... ",1);
 176   3                
 177   3                break;
C51 COMPILER V9.59.0.0   PANTALLAS                                                         05/21/2020 14:05:11 PAGE 4   

 178   3      
 179   3              case ERROR_LOOP:
 180   3                
 181   3                num_chr=strlen((unsigned char *) "ERROR: LOOP1 SIN PRESENCIA VEHICULAR ");  
 182   3                tx_chrlcd(0x00,0);
 183   3                tx_chrlcd(num_chr*2,0);
 184   3                LCD_txt ((unsigned char *)       "ERROR: LOOP1 SIN PRESENCIA VEHICULAR ",1);
 185   3                
 186   3                break;
 187   3              
 188   3              case TARJETA_INVALIDA:
 189   3                
 190   3                num_chr=strlen((unsigned char *) "ERROR: TARJETA INVALIDA "); 
 191   3                tx_chrlcd(0x00,0);
 192   3                tx_chrlcd(num_chr*2,0);
 193   3                LCD_txt ((unsigned char *)       "ERROR: TARJETA INVALIDA ",1);
 194   3                
 195   3                break;
 196   3              
 197   3              case ERROR_COD_PARK:
 198   3          
 199   3                num_chr=strlen((unsigned char *) "TARJETA NO ES DEL PARQ. ");
 200   3                tx_chrlcd(0x00,0);
 201   3                tx_chrlcd(num_chr*2,0);
 202   3                LCD_txt ((unsigned char *)       "TARJETA NO ES DEL PARQ. ",1);
 203   3          
 204   3                break;
 205   3                
 206   3              case TARJETA_SIN_FORMATO:
 207   3          
 208   3                num_chr=strlen((unsigned char *) "TARJETA SIN FORMATO ");
 209   3                tx_chrlcd(0x00,0);
 210   3                tx_chrlcd(num_chr*2,0);
 211   3                LCD_txt((unsigned char *)        "TARJETA SIN FORMATO ",1);
 212   3      
 213   3                break;
 214   3                
 215   3              case SIN_PAGO:
 216   3          
 217   3                num_chr=strlen((unsigned char  *) "TARJETA NO REGISTRA PAGO ");
 218   3                tx_chrlcd(0x00,0);
 219   3                tx_chrlcd(num_chr*2,0);
 220   3                LCD_txt ((unsigned char *)       "TARJETA NO REGISTRA PAGO ",1);
 221   3      
 222   3                break;
 223   3                  
 224   3              case EXCEDE_GRACIA:
 225   3          
 226   3                num_chr=strlen((unsigned char  *) "EXCEDE TIEMPO DE GRACIA ");
 227   3                tx_chrlcd(0x00,0);
 228   3                tx_chrlcd(num_chr*2,0);
 229   3                LCD_txt ((unsigned char *)       "EXCEDE TIEMPO DE GRACIA ",1);
 230   3            
 231   3                break;
 232   3              
 233   3              case  FUERA_DE_LINEA:
 234   3                
 235   3                num_chr=strlen((unsigned char *) "FUERA DE LINEA ");
 236   3                tx_chrlcd(0x00,0);
 237   3                tx_chrlcd(num_chr*2,0);
 238   3                LCD_txt((unsigned char *)        "FUERA DE LINEA ",1);
 239   3              
C51 COMPILER V9.59.0.0   PANTALLAS                                                         05/21/2020 14:05:11 PAGE 5   

 240   3                break;
 241   3              
 242   3              case  BIENVENIDO:
 243   3                
 244   3                num_chr=strlen((unsigned char *) "BIENVENIDO ");
 245   3                tx_chrlcd(0x00,0);
 246   3                tx_chrlcd(num_chr*2,0);
 247   3                LCD_txt((unsigned char *)        "BIENVENIDO ",1);
 248   3                
 249   3                break;
 250   3              
 251   3              case  SIN_INGRESO:
 252   3                
 253   3                num_chr=strlen((unsigned char *) "ERROR: SIN INGRESO ");
 254   3                tx_chrlcd(0x00,0);
 255   3                tx_chrlcd(num_chr*2,0);
 256   3                LCD_txt((unsigned char *)        "ERROR: SIN INGRESO ",1);
 257   3                
 258   3                break;
 259   3                      
 260   3            }
 261   2              sel_com=1;  
 262   2        
 263   2          }
 264   1            else
 265   1            {
 266   2               sel_com=0;   
 267   2               switch (cod_msg)
 268   2               {
 269   3            
 270   3                  case 'P':
 271   3                          
 272   3                       
 273   3                        Raspberry_data((unsigned char  *) "a;98;ERROR VALIDANDO PLACA \n\r\0");
 274   3                        break;
 275   3                  case AUDIO_CAJA:
 276   3                        
 277   3                        Raspberry_data((unsigned char  *) "a;27;¡ NO REGISTRA PAGO ! \n\r\0");
 278   3                        break;
 279   3                  case ERROR_LOOP:
 280   3                     
 281   3                        Raspberry_data((unsigned char  *) "a;98;SIN PRESENCIA VEHICULAR \n\r\0");
 282   3                        break;
 283   3                  case TARJETA_INVALIDA:
 284   3                     
 285   3                        Raspberry_data((unsigned char  *) "a;98;TARJETA INVALIDA \n\r\0");
 286   3                        
 287   3                        break;
 288   3                  case 0xe2:
 289   3      
 290   3                        Raspberry_data((unsigned char  *) "a;98;ERROR: ANTICOLL \n\r\0");
 291   3                        break;
 292   3                  case 0xe3:
 293   3      
 294   3                        Raspberry_data((unsigned char  *) "a;98;ERROR: SELECT CARD \n\r\0");
 295   3                        break;
 296   3                  case 0xe4:
 297   3                      
 298   3                        Raspberry_data((unsigned char  *) "a;98;TARJETA INVALIDA \n\r\0");
 299   3                        break;
 300   3                  case ERROR_COD_PARK:
 301   3                       
C51 COMPILER V9.59.0.0   PANTALLAS                                                         05/21/2020 14:05:11 PAGE 6   

 302   3                        Raspberry_data((unsigned char  *) "a;98;CARD NO ES DE PARQUEADERO \n\r\0");
 303   3                        break;
 304   3                  
 305   3                  case SIN_INGRESO:
 306   3                     
 307   3                        Raspberry_data((unsigned char  *) "a;30;TARJETA SIN INGRESO \n\r\0");
 308   3                        break;
 309   3                  case SIN_PAGO:
 310   3                     
 311   3                        Raspberry_data((unsigned char  *) "a;27;TARJETA NO REGISTRA PAGO\n\r\0");
 312   3                        break;
 313   3                  case EXCEDE_GRACIA:
 314   3                      
 315   3                        Raspberry_data((unsigned char  *) "a;28;EXCEDE TIEMPO DE GRACIA \n\r\0");
 316   3                        break;
 317   3                  case 0xe9:
 318   3                      
 319   3                        Raspberry_data((unsigned char  *) "a;98;ERROR: GRABACION DE DATOS \n\r\0");
 320   3                        break;
 321   3                  case 0xeb:
 322   3                      
 323   3                        Raspberry_data((unsigned char  *) "a;27;DIRIJASE A CAJA \n\r\0");
 324   3                        break;
 325   3                  case TARJETA_VENCIDA:
 326   3                       // Raspberry_txt((unsigned char  *) "a;07;");
 327   3                        Raspberry_data((unsigned char  *) "  MENSUALIDAD VENCIDA !   ");
 328   3                        Raspberry_data((unsigned char  *) "  VENCIO : 20");
 329   3               // falta la parte alta del vencimiento
 330   3                        break;
 331   3                  case 0xed:
 332   3                      
 333   3                        Raspberry_data((unsigned char  *) "a;98;SIN RESPUESTA \n\r\0");
 334   3                        break;
 335   3                  case TARJETA_ATASCADA:
 336   3                       
 337   3                        Raspberry_data((unsigned char  *) "TARJETA ATASCADA \n\r\0");
 338   3                        break;
 339   3                  case 0xf8:
 340   3                        
 341   3                       
 342   3                        Raspberry_data((unsigned char  *) "a;98;SALIDA INVALIDA \n\r\0");
 343   3                        break;
 344   3                  case GRACIAS:
 345   3                       
 346   3                        Raspberry_data((unsigned char  *) "a;26;GRACIAS... \n\r\0");
 347   3                        break;
 348   3                  
 349   3                  case  FUERA_DE_LINEA:
 350   3                    Raspberry_data((unsigned char  *) "a;99;FUERA DE LINEA\n\r\0");
 351   3                        break;
 352   3                  case  '0':    /*Bienvenido.pulse el boton*/
 353   3                  Raspberry_data((unsigned char  *) "a;00;BIENVENIDO. PULSE EL BOTON\n\r\0");
 354   3                        break;
 355   3                  case  '9':    /*NO olvide pasar por el punto de pago*/
 356   3                  Raspberry_data((unsigned char  *) "a;99;NO OLVIDE PASAR POR EL PUNTO DE PAGO\n\r\0");
 357   3                        break;
 358   3                  case  'X':    /*Bienvenido*/
 359   3                  Raspberry_data((unsigned char  *) "a;99;BIENVENIDO\n\r\0");
 360   3                        break;
 361   3                  case  'C':    /*Mensualidad cancelada*/
 362   3                  Raspberry_data((unsigned char  *) "a;97;MENSUALIDAD CANCELADA ... DIRIJASE A ADMINISTRACION\n\
             -r\0");
C51 COMPILER V9.59.0.0   PANTALLAS                                                         05/21/2020 14:05:11 PAGE 7   

 363   3                        break;
 364   3                  case  'a':    /*Mensualidad cancelada*/
 365   3                  Raspberry_data((unsigned char  *) "a;99;NIVEL BAJO DE TARJETAS\n\r\0");
 366   3                        break;
 367   3               }
 368   2               sel_com=1;   
 369   2            }
 370   1            
 371   1           
 372   1      
 373   1      }
 374          void PantallaLCD_LINEA_2(unsigned char cod_msg, unsigned char *buffer)
 375          {
 376   1        
 377   1      unsigned char Ini_LCD_Line_one   []={0xaa,0x80,0x18,0x01,0x02,0x00} ;
 378   1      
 379   1      
 380   1      unsigned char num_chr;
 381   1        
 382   1      sel_com=0;
 383   1        
 384   1          //if (Raspberry==0)
 385   1          //{
 386   1          
 387   1            
 388   1            switch (cod_msg)
 389   1            {
 390   2          
 391   2              case  LECTURA_DE_TARJETAS:
 392   2                LCD_txt (Ini_LCD_Line_one,0);
 393   2                num_chr=strlen((unsigned char *) "WIEGAND ");
 394   2                num_chr=num_chr+strlen(buffer)+1;
 395   2                tx_chrlcd(0x00,0);
 396   2                tx_chrlcd(num_chr*2,0);
 397   2                LCD_txt((unsigned char *)        "WIEGAND ",1);                       /*funcion q trasmite el msj al LCD  y el 
             -(1) coloca los caracteres NULL*/
 398   2                LCD_txt(buffer,1);                                                    /*funcion q trasmite el msj al LCD  y el (1) coloca los 
             -caracteres NULL*/
 399   2                
 400   2              
 401   2              
 402   2              
 403   2                break;
 404   2              
 405   2              
 406   2        }
 407   1              sel_com=1;  
 408   1      }


MODULE INFORMATION:   STATIC OVERLAYABLE
   CODE SIZE        =   1199    ----
   CONSTANT SIZE    =    982    ----
   XDATA SIZE       =      1      50
   PDATA SIZE       =   ----    ----
   DATA SIZE        =   ----    ----
   IDATA SIZE       =   ----    ----
   BIT SIZE         =   ----    ----
END OF MODULE INFORMATION.


C51 COMPILATION COMPLETE.  0 WARNING(S),  0 ERROR(S)
